<?xml version="1.0" encoding="utf-8"?><testsuites name="pytest tests"><testsuite name="pytest" errors="0" failures="0" skipped="0" tests="4" time="83.802" timestamp="2026-09-16T00:12:46.799550+08:00" hostname="fangchenfangdeMacBook-Air.local"><testcase classname="tests.test_live_provider" name="test_real_llm_tools_and_followup" time="11.617" /><testcase classname="tests.test_live_provider" name="test_real_llm_assignment_scenarios[docs_search]" time="19.167" /><testcase classname="tests.test_live_provider" name="test_real_llm_assignment_scenarios[sessions_memory]" time="24.966" /><testcase classname="tests.test_live_provider" name="test_real_llm_assignment_scenarios[compaction_resume]" time="28.031" /></testsuite></testsuites>