<?xml version="1.0" encoding="utf-8"?><testsuites name="pytest tests"><testsuite name="pytest" errors="0" failures="0" skipped="0" tests="4" time="66.308" timestamp="2026-09-16T10:16:41.075611+08:00" hostname="fangchenfangdeMacBook-Air.local"><testcase classname="tests.test_live_provider" name="test_real_llm_tools_and_followup" time="10.720" /><testcase classname="tests.test_live_provider" name="test_real_llm_assignment_scenarios[docs_search]" time="16.646" /><testcase classname="tests.test_live_provider" name="test_real_llm_assignment_scenarios[sessions_memory]" time="13.975" /><testcase classname="tests.test_live_provider" name="test_real_llm_assignment_scenarios[compaction_resume]" time="24.863" /></testsuite></testsuites>