<?xml version="1.0" encoding="utf-8"?><testsuites name="pytest tests"><testsuite name="pytest" errors="0" failures="0" skipped="0" tests="97" time="1.742" timestamp="2026-09-16T10:16:39.097107+08:00" hostname="fangchenfangdeMacBook-Air.local"><testcase classname="tests.test_api" name="test_http_create_submit_poll_history_and_trace" time="0.043" /><testcase classname="tests.test_api" name="test_authentication_ownership_and_no_user_spoofing" time="0.014" /><testcase classname="tests.test_api" name="test_non_ascii_bearer_token_returns_unauthorized" time="0.009" /><testcase classname="tests.test_api" name="test_memory_api_and_cross_user_rejection" time="0.012" /><testcase classname="tests.test_api" name="test_browser_boundary_and_redacted_reasoning" time="0.018" /><testcase classname="tests.test_api" name="test_api_cancel_and_queue" time="0.024" /><testcase classname="tests.test_api" name="test_active_run_remains_visible_after_many_queue_cancellations" time="0.099" /><testcase classname="tests.test_calculator_boundaries" name="test_zero_exponent_cannot_allocate_unbounded_decimal_output[0e-10000000]" time="0.000" /><testcase classname="tests.test_calculator_boundaries" name="test_zero_exponent_cannot_allocate_unbounded_decimal_output[0e-10000000%2]" time="0.000" /><testcase classname="tests.test_calculator_boundaries" name="test_zero_exponent_cannot_allocate_unbounded_decimal_output[2%0e-10000000]" time="0.000" /><testcase classname="tests.test_provider_store" name="test_protocol_validation[data0]" time="0.000" /><testcase classname="tests.test_provider_store" name="test_protocol_validation[data1]" time="0.000" /><testcase classname="tests.test_provider_store" name="test_protocol_validation[data2]" time="0.000" /><testcase classname="tests.test_provider_store" name="test_protocol_validation[data3]" time="0.000" /><testcase classname="tests.test_provider_store" name="test_reasoning_preserved_for_provider_continuation" time="0.000" /><testcase classname="tests.test_provider_store" name="test_http_adapter_sends_schema_and_retries" time="0.288" /><testcase classname="tests.test_provider_store" name="test_http_error_redacts_body[401-secret key leaked]" time="0.003" /><testcase classname="tests.test_provider_store" name="test_http_error_redacts_body[302-redirect]" time="0.003" /><testcase classname="tests.test_provider_store" name="test_http_error_redacts_body[200-invalid json]" time="0.002" /><testcase classname="tests.test_provider_store" name="test_unconfigured_model_fails_honestly" time="0.037" /><testcase classname="tests.test_provider_store" name="test_restart_recovery_closes_pending_pair" time="0.010" /><testcase classname="tests.test_provider_store" name="test_single_process_enforced" time="0.002" /><testcase classname="tests.test_provider_store" name="test_config_rejects_unsafe_remote_http_and_overrides" time="0.000" /><testcase classname="tests.test_provider_store" name="test_config_rejects_nonfinite_timeouts[nan-llm_timeout]" time="0.000" /><testcase classname="tests.test_provider_store" name="test_config_rejects_nonfinite_timeouts[nan-run_timeout]" time="0.000" /><testcase classname="tests.test_provider_store" name="test_config_rejects_nonfinite_timeouts[nan-tool_timeout]" time="0.000" /><testcase classname="tests.test_provider_store" name="test_config_rejects_nonfinite_timeouts[inf-llm_timeout]" time="0.000" /><testcase classname="tests.test_provider_store" name="test_config_rejects_nonfinite_timeouts[inf-run_timeout]" time="0.000" /><testcase classname="tests.test_provider_store" name="test_config_rejects_nonfinite_timeouts[inf-tool_timeout]" time="0.000" /><testcase classname="tests.test_provider_store" name="test_config_rejects_nonfinite_timeouts[-inf-llm_timeout]" time="0.000" /><testcase classname="tests.test_provider_store" name="test_config_rejects_nonfinite_timeouts[-inf-run_timeout]" time="0.000" /><testcase classname="tests.test_provider_store" name="test_config_rejects_nonfinite_timeouts[-inf-tool_timeout]" time="0.000" /><testcase classname="tests.test_registry_boundaries" name="test_nonfinite_numeric_arguments_never_reach_custom_handler[1e999]" time="0.001" /><testcase classname="tests.test_registry_boundaries" name="test_nonfinite_numeric_arguments_never_reach_custom_handler[-1e999]" time="0.001" /><testcase classname="tests.test_registry_boundaries" name="test_nonfinite_numeric_arguments_never_reach_custom_handler[NaN]" time="0.001" /><testcase classname="tests.test_registry_boundaries" name="test_nonfinite_numeric_arguments_never_reach_custom_handler[Infinity]" time="0.001" /><testcase classname="tests.test_runtime" name="test_direct_answer" time="0.014" /><testcase classname="tests.test_runtime" name="test_tool_loop_and_followup" time="0.029" /><testcase classname="tests.test_runtime" name="test_mixed_tools_close_all_calls" time="0.019" /><testcase classname="tests.test_runtime" name="test_pure_followup_sees_prior_answer" time="0.017" /><testcase classname="tests.test_runtime" name="test_step_limit_closed_protocol_and_resume" time="0.020" /><testcase classname="tests.test_runtime" name="test_repeated_failures_stop" time="0.022" /><testcase classname="tests.test_runtime" name="test_nonfinal_responses_never_execute[length]" time="0.012" /><testcase classname="tests.test_runtime" name="test_nonfinal_responses_never_execute[content_filter]" time="0.011" /><testcase classname="tests.test_runtime" name="test_nonfinal_responses_never_execute[unsupported]" time="0.013" /><testcase classname="tests.test_runtime" name="test_provider_failure_and_next_run" time="0.016" /><testcase classname="tests.test_runtime" name="test_empty_response_stops" time="0.011" /><testcase classname="tests.test_runtime" name="test_duplicate_call_id_is_not_reexecuted" time="0.017" /><testcase classname="tests.test_runtime" name="test_budget_blocks_request" time="0.009" /><testcase classname="tests.test_runtime" name="test_same_request_is_idempotent" time="0.013" /><testcase classname="tests.test_runtime" name="test_two_windows_isolate_history" time="0.032" /><testcase classname="tests.test_runtime" name="test_busy_queue_is_fifo_without_interleaving" time="0.019" /><testcase classname="tests.test_runtime" name="test_other_session_is_not_blocked" time="0.019" /><testcase classname="tests.test_runtime" name="test_cancel_closes_pending_tools_and_continues" time="0.022" /><testcase classname="tests.test_runtime" name="test_cancel_before_task_started" time="0.008" /><testcase classname="tests.test_runtime" name="test_run_deadline" time="0.031" /><testcase classname="tests.test_tools_context" name="test_calculator[17*23-391]" time="0.000" /><testcase classname="tests.test_tools_context" name="test_calculator[0.1+0.2-0.3]" time="0.000" /><testcase classname="tests.test_tools_context" name="test_calculator[(2+3)**2-25]" time="0.000" /><testcase classname="tests.test_tools_context" name="test_calculator[-5//2--3]" time="0.000" /><testcase classname="tests.test_tools_context" name="test_calculator[-5%2-1]" time="0.000" /><testcase classname="tests.test_tools_context" name="test_calculator[1/4-0.25]" time="0.000" /><testcase classname="tests.test_tools_context" name="test_calculator[2**-2-0.25]" time="0.000" /><testcase classname="tests.test_tools_context" name="test_calculator[99999999999999999999999999999//1-99999999999999999999999999999]" time="0.000" /><testcase classname="tests.test_tools_context" name="test_calculator[99999999999999999999999999999%2-1]" time="0.000" /><testcase classname="tests.test_tools_context" name="test_calculator[-99999999999999999999999999999%2-1]" time="0.000" /><testcase classname="tests.test_tools_context" name="test_calculator[0.99999999999999999999999999999//1-0]" time="0.000" /><testcase classname="tests.test_tools_context" name="test_calculator[5%-2--1]" time="0.000" /><testcase classname="tests.test_tools_context" name="test_calculator[-5%-2--1]" time="0.000" /><testcase classname="tests.test_tools_context" name="test_rejects_unsafe_math[__import__('os').system('ls')]" time="0.000" /><testcase classname="tests.test_tools_context" name="test_rejects_unsafe_math[2**10000000]" time="0.000" /><testcase classname="tests.test_tools_context" name="test_rejects_unsafe_math[1/0]" time="0.000" /><testcase classname="tests.test_tools_context" name="test_rejects_unsafe_math[1//0]" time="0.000" /><testcase classname="tests.test_tools_context" name="test_rejects_unsafe_math[1%0]" time="0.000" /><testcase classname="tests.test_tools_context" name="test_rejects_unsafe_math[1e100]" time="0.000" /><testcase classname="tests.test_tools_context" name="test_rejects_unsafe_math[1e-101]" time="0.000" /><testcase classname="tests.test_tools_context" name="test_rejects_unsafe_math[True+1]" time="0.000" /><testcase classname="tests.test_tools_context" name="test_rejects_unsafe_math[[1][0]]" time="0.000" /><testcase classname="tests.test_tools_context" name="test_rejects_unsafe_math[x+1]" time="0.000" /><testcase classname="tests.test_tools_context" name="test_rejects_unsafe_math[1+1+1+1+1+1+1+1+1+1+1+1+1+1+1+1+1+1+1+1+1+1+1+1+1+1+1+1+1+1+1+1+1+1+1+1+1+1+1+1+1+1+1+1+1+1+1+1+1+1+1+1+1+1+1+1+1+1+1+1+1+1+1+1+1+1+1+1+1+1+1+1+1+1+1+1+1+1+1+1+1+1+1+1+1+1+1+1+1+1+1+1+1+1+1+1+1+1+1+1+1+1+1+1+1+1+1+1+1+1+1+1+1+1+1+1+1+1+1+1+1+1+1+1+1+1+1+1+1+1+1+1+1+1+1+1+1+1+1+1+1+1+1+1+1+1+1+1+1+1+1+1+1+1+1+1+1+1+1+1+1+1+1+1+1+1+1+1+1+1+1+1+1+1+1+1+1+1+1+1+1+1+1+1+1+1+1+1+1+1+1+1+1+1+1+1+1+1+1+1+]" time="0.000" /><testcase classname="tests.test_tools_context" name="test_rejects_unsafe_math[2**(2**20)]" time="0.000" /><testcase classname="tests.test_tools_context" name="test_argument_validation[{&quot;expression&quot;:&quot;2+2&quot;,&quot;extra&quot;:true}-invalid_arguments]" time="0.006" /><testcase classname="tests.test_tools_context" name="test_argument_validation[{&quot;expression&quot;:true}-invalid_arguments]" time="0.005" /><testcase classname="tests.test_tools_context" name="test_argument_validation[{}-invalid_arguments]" time="0.005" /><testcase classname="tests.test_tools_context" name="test_argument_validation[{&quot;expression&quot;:&quot;1&quot;,&quot;expression&quot;:&quot;2&quot;}-invalid_json]" time="0.005" /><testcase classname="tests.test_tools_context" name="test_argument_validation[{&quot;expression&quot;:NaN}-invalid_json]" time="0.005" /><testcase classname="tests.test_tools_context" name="test_argument_validation[[]-invalid_arguments]" time="0.005" /><testcase classname="tests.test_tools_context" name="test_mock_search_and_empty_results" time="0.005" /><testcase classname="tests.test_tools_context" name="test_docs_paging_and_access_control" time="0.009" /><testcase classname="tests.test_tools_context" name="test_timeout_and_handler_error" time="0.017" /><testcase classname="tests.test_tools_context" name="test_200_round_compaction_keeps_corrections_and_archive" time="0.527" /><testcase classname="tests.test_tools_context" name="test_compaction_never_splits_tool_pairs" time="0.027" /><testcase classname="tests.test_tools_context" name="test_single_oversized_input_fails_without_erasing_history" time="0.008" /><testcase classname="tests.test_tools_context" name="test_memory_scope_update_delete" time="0.009" /><testcase classname="tests.test_tools_context" name="test_archive_can_recover_original_tool_number" time="0.009" /><testcase classname="tests.test_tools_context" name="test_summary_commit_cannot_regress_its_boundary" time="0.006" /><testcase classname="tests.test_tools_context" name="test_history_pages_recover_tail_after_compaction" time="0.015" /></testsuite></testsuites>